<?xml version="1.0" encoding="UTF-8"?>
<testsuite xmlns:xsi="http://www.w3.org/2001/XMLSchema-instance" xsi:noNamespaceSchemaLocation="https://maven.apache.org/surefire/maven-surefire-plugin/xsd/surefire-test-report-3.0.xsd" version="3.0" name="org.example.ShoppingCartTest" time="0.129" tests="20" errors="0" skipped="0" failures="0">
  <properties>
    <property name="java.specification.version" value="21"/>
    <property name="sun.cpu.isalist" value="amd64"/>
    <property name="sun.jnu.encoding" value="Cp1252"/>
    <property name="java.class.path" value="C:\jmat_DEVOps\07_proyectos\crazyproducts-_ramdomShop-kata\target\test-classes;C:\jmat_DEVOps\07_proyectos\crazyproducts-_ramdomShop-kata\target\classes;C:\Users\ADMIN\.m2\repository\org\junit\jupiter\junit-jupiter-api\5.9.1\junit-jupiter-api-5.9.1.jar;C:\Users\ADMIN\.m2\repository\org\opentest4j\opentest4j\1.2.0\opentest4j-1.2.0.jar;C:\Users\ADMIN\.m2\repository\org\junit\platform\junit-platform-commons\1.9.1\junit-platform-commons-1.9.1.jar;C:\Users\ADMIN\.m2\repository\org\apiguardian\apiguardian-api\1.1.2\apiguardian-api-1.1.2.jar;"/>
    <property name="java.vm.vendor" value="Oracle Corporation"/>
    <property name="sun.arch.data.model" value="64"/>
    <property name="user.variant" value=""/>
    <property name="java.vendor.url" value="https://java.oracle.com/"/>
    <property name="user.timezone" value="Europe/Madrid"/>
    <property name="os.name" value="Windows 11"/>
    <property name="java.vm.specification.version" value="21"/>
    <property name="sun.java.launcher" value="SUN_STANDARD"/>
    <property name="user.country" value="ES"/>
    <property name="sun.boot.library.path" value="C:\Program Files\Java\jdk-21\bin"/>
    <property name="sun.java.command" value="C:\Users\ADMIN\AppData\Local\Temp\surefire9397995311161338121\surefirebooter2612613906250665182.jar C:\Users\ADMIN\AppData\Local\Temp\surefire9397995311161338121 2024-06-21T06-04-54_751-jvmRun1 surefire3538782583291090054tmp surefire_016120156158636537827tmp"/>
    <property name="jdk.debug" value="release"/>
    <property name="surefire.test.class.path" value="C:\jmat_DEVOps\07_proyectos\crazyproducts-_ramdomShop-kata\target\test-classes;C:\jmat_DEVOps\07_proyectos\crazyproducts-_ramdomShop-kata\target\classes;C:\Users\ADMIN\.m2\repository\org\junit\jupiter\junit-jupiter-api\5.9.1\junit-jupiter-api-5.9.1.jar;C:\Users\ADMIN\.m2\repository\org\opentest4j\opentest4j\1.2.0\opentest4j-1.2.0.jar;C:\Users\ADMIN\.m2\repository\org\junit\platform\junit-platform-commons\1.9.1\junit-platform-commons-1.9.1.jar;C:\Users\ADMIN\.m2\repository\org\apiguardian\apiguardian-api\1.1.2\apiguardian-api-1.1.2.jar;"/>
    <property name="sun.cpu.endian" value="little"/>
    <property name="user.home" value="C:\Users\ADMIN"/>
    <property name="user.language" value="es"/>
    <property name="java.specification.vendor" value="Oracle Corporation"/>
    <property name="java.version.date" value="2024-04-16"/>
    <property name="java.home" value="C:\Program Files\Java\jdk-21"/>
    <property name="file.separator" value="\"/>
    <property name="basedir" value="C:\jmat_DEVOps\07_proyectos\crazyproducts-_ramdomShop-kata"/>
    <property name="java.vm.compressedOopsMode" value="32-bit"/>
    <property name="line.separator" value="&#10;"/>
    <property name="java.vm.specification.vendor" value="Oracle Corporation"/>
    <property name="java.specification.name" value="Java Platform API Specification"/>
    <property name="surefire.real.class.path" value="C:\Users\ADMIN\AppData\Local\Temp\surefire9397995311161338121\surefirebooter2612613906250665182.jar"/>
    <property name="user.script" value=""/>
    <property name="sun.management.compiler" value="HotSpot 64-Bit Tiered Compilers"/>
    <property name="java.runtime.version" value="21.0.3+7-LTS-152"/>
    <property name="user.name" value="F5 02 SEV"/>
    <property name="stdout.encoding" value="Cp1252"/>
    <property name="path.separator" value=";"/>
    <property name="os.version" value="10.0"/>
    <property name="java.runtime.name" value="Java(TM) SE Runtime Environment"/>
    <property name="file.encoding" value="UTF-8"/>
    <property name="java.vm.name" value="Java HotSpot(TM) 64-Bit Server VM"/>
    <property name="localRepository" value="C:\Users\ADMIN\.m2\repository"/>
    <property name="java.vendor.url.bug" value="https://bugreport.java.com/bugreport/"/>
    <property name="java.io.tmpdir" value="C:\Users\ADMIN\AppData\Local\Temp\"/>
    <property name="java.version" value="21.0.3"/>
    <property name="user.dir" value="C:\jmat_DEVOps\07_proyectos\crazyproducts-_ramdomShop-kata"/>
    <property name="os.arch" value="amd64"/>
    <property name="java.vm.specification.name" value="Java Virtual Machine Specification"/>
    <property name="sun.os.patch.level" value=""/>
    <property name="native.encoding" value="Cp1252"/>
    <property name="java.library.path" value="C:\Program Files\Java\jdk-21\bin;C:\WINDOWS\Sun\Java\bin;C:\WINDOWS\system32;C:\WINDOWS;C:\Program Files\Common Files\Oracle\Java\javapath;C:\WINDOWS;C:\WINDOWS\system32;C:\Program Files\maven\apache-maven-3.9.6\bin;C:\Program Files\Java\jdk-21\bin;C:\Program Files (x86)\InvGate\Insight Agent;C:\Program Files\Docker\Docker\resources\bin;C:\Users\ADMIN\AppData\Local\Microsoft\WindowsApps;C:\Users\ADMIN\AppData\Local\Programs\Microsoft VS Code\bin;C:\Program Files\maven\apache-maven-3.9.6\bin;;."/>
    <property name="java.vm.info" value="mixed mode, sharing"/>
    <property name="stderr.encoding" value="Cp1252"/>
    <property name="java.vendor" value="Oracle Corporation"/>
    <property name="java.vm.version" value="21.0.3+7-LTS-152"/>
    <property name="sun.io.unicode.encoding" value="UnicodeLittle"/>
    <property name="java.class.version" value="65.0"/>
  </properties>
  <testcase name="calculatePriceForMagicCards_red_MoreTenYears" classname="org.example.ShoppingCartTest" time="0.051"/>
  <testcase name="calculatePriceForSpiderGoldStinky" classname="org.example.ShoppingCartTest" time="0.002"/>
  <testcase name="calculatePriceForMagicCards_green__MoreTwentyYears" classname="org.example.ShoppingCartTest" time="0.002"/>
  <testcase name="calculatePriceForMagicCards_Magic_BlackLotus" classname="org.example.ShoppingCartTest" time="0.003"/>
  <testcase name="calculatePriceForFish_base" classname="org.example.ShoppingCartTest" time="0.001"/>
  <testcase name="calculatePriceForFish_blue" classname="org.example.ShoppingCartTest" time="0.001"/>
  <testcase name="calculatePriceForFish_gold" classname="org.example.ShoppingCartTest" time="0.001"/>
  <testcase name="calculatePriceForCheese" classname="org.example.ShoppingCartTest" time="0.001"/>
  <testcase name="calculatePriceForMagicCards_blue_MoreTenYears" classname="org.example.ShoppingCartTest" time="0.003"/>
  <testcase name="calculatePriceForSpiderGold" classname="org.example.ShoppingCartTest" time="0.002"/>
  <testcase name="calculatePriceForSpiderStinky" classname="org.example.ShoppingCartTest" time="0.001"/>
  <testcase name="calculatePriceForMagicCards_green" classname="org.example.ShoppingCartTest" time="0.001"/>
  <testcase name="calculatePriceForSpiderRedStinky" classname="org.example.ShoppingCartTest" time="0.001"/>
  <testcase name="calculatePriceForMagicCards_black_MoreTwentyYears" classname="org.example.ShoppingCartTest" time="0"/>
  <testcase name="calculatePriceForSpider" classname="org.example.ShoppingCartTest" time="0.002"/>
  <testcase name="calculatePriceForMagicCards_blue" classname="org.example.ShoppingCartTest" time="0"/>
  <testcase name="calculatePriceForWine" classname="org.example.ShoppingCartTest" time="0.002"/>
  <testcase name="calculatePriceForMagicCards_red" classname="org.example.ShoppingCartTest" time="0.001"/>
  <testcase name="calculatePriceForMagicCards_black_" classname="org.example.ShoppingCartTest" time="0.001"/>
  <testcase name="calculatePriceForSpiderRed" classname="org.example.ShoppingCartTest" time="0.002"/>
</testsuite>